Virtual User Script started at: 11.04.2021 22:48:24
Starting action vuser_init.
Web Turbo Replay of LoadRunner 12.60.0 for Windows 10; build 971 (рту 09 2018 11:27:13)  	[MsgId: MMSG-26983]
Run mode: HTML  	[MsgId: MMSG-26993]
Replay user agent: Mozilla/5.0 (Windows NT 10.0; WOW64; Trident/7.0; rv:11.0) like Gecko  	[MsgId: MMSG-26988]
Runtime Settings file: "C:\Users\User\Documents\VuGen\Scripts\HomeWork#3Day6\\default.cfg"  	[MsgId: MMSG-27141]
vuser_init.c(13): Notify: Transaction "1.Login_open_field" started.
vuser_init.c(15): web_reg_save_param_attrib started  	[MsgId: MMSG-26355]
vuser_init.c(15): Registering web_reg_save_param_attrib was successful  	[MsgId: MMSG-26390]
vuser_init.c(26): web_url("webtours") started  	[MsgId: MMSG-26355]
vuser_init.c(26): Detected non-resource "http://localhost:1080/webtours/header.html" in "http://localhost:1080/webtours/"  	[MsgId: MMSG-26574]
vuser_init.c(26): Detected non-resource "http://localhost:1080/cgi-bin/welcome.pl?signOff=true" in "http://localhost:1080/webtours/"  	[MsgId: MMSG-26574]
vuser_init.c(26): Found resource "http://localhost:1080/webtours/images/hp_logo.png" in HTML "http://localhost:1080/webtours/header.html"  	[MsgId: MMSG-26659]
vuser_init.c(26): Found resource "http://localhost:1080/webtours/images/webtours.png" in HTML "http://localhost:1080/webtours/header.html"  	[MsgId: MMSG-26659]
vuser_init.c(26): Detected non-resource "http://localhost:1080/cgi-bin/nav.pl?in=home" in "http://localhost:1080/cgi-bin/welcome.pl?signOff=true"  	[MsgId: MMSG-26574]
vuser_init.c(26): Detected non-resource "http://localhost:1080/WebTours/home.html" in "http://localhost:1080/cgi-bin/welcome.pl?signOff=true"  	[MsgId: MMSG-26574]
vuser_init.c(26): Found resource "http://localhost:1080/WebTours/images/mer_login.gif" in HTML "http://localhost:1080/cgi-bin/nav.pl?in=home"  	[MsgId: MMSG-26659]
vuser_init.c(26): web_url("webtours") was successful, 10071 body bytes, 2373 header bytes, 24 chunking overhead bytes  	[MsgId: MMSG-26385]
globals.h(24): Notify: Transaction "1.Login_open_field" ended with a "Pass" status (Duration: 0,2137 Wasted Time: 0,1114).
globals.h(27): web_custom_request("InfluxDB") started  	[MsgId: MMSG-26355]
globals.h(27): web_custom_request("InfluxDB") was successful, 0 body bytes, 251 header bytes  	[MsgId: MMSG-26386]
vuser_init.c(42): Notify: Transaction "2.Login_fillin_fiels" started.
vuser_init.c(44): web_submit_data("login.pl") started  	[MsgId: MMSG-26355]
vuser_init.c(44): Detected non-resource "http://localhost:1080/cgi-bin/nav.pl?page=menu&in=home" in "http://localhost:1080/cgi-bin/login.pl"  	[MsgId: MMSG-26574]
vuser_init.c(44): Detected non-resource "http://localhost:1080/cgi-bin/login.pl?intro=true" in "http://localhost:1080/cgi-bin/login.pl"  	[MsgId: MMSG-26574]
vuser_init.c(44): Found resource "http://localhost:1080/WebTours/images/flights.gif" in HTML "http://localhost:1080/cgi-bin/nav.pl?page=menu&in=home"  	[MsgId: MMSG-26659]
vuser_init.c(44): Found resource "http://localhost:1080/WebTours/images/itinerary.gif" in HTML "http://localhost:1080/cgi-bin/nav.pl?page=menu&in=home"  	[MsgId: MMSG-26659]
vuser_init.c(44): Found resource "http://localhost:1080/WebTours/images/in_home.gif" in HTML "http://localhost:1080/cgi-bin/nav.pl?page=menu&in=home"  	[MsgId: MMSG-26659]
vuser_init.c(44): Found resource "http://localhost:1080/WebTours/images/signoff.gif" in HTML "http://localhost:1080/cgi-bin/nav.pl?page=menu&in=home"  	[MsgId: MMSG-26659]
vuser_init.c(44): web_submit_data("login.pl") was successful, 5779 body bytes, 2033 header bytes, 36 chunking overhead bytes  	[MsgId: MMSG-26385]
globals.h(24): Notify: Transaction "2.Login_fillin_fiels" ended with a "Pass" status (Duration: 0,1211 Wasted Time: 0,0065).
globals.h(27): web_custom_request("InfluxDB") started  	[MsgId: MMSG-26355]
globals.h(27): web_custom_request("InfluxDB") was successful, 0 body bytes, 251 header bytes  	[MsgId: MMSG-26386]
Ending action vuser_init.
Running Vuser...
Starting iteration 1.
Warning -27077: The "vuser_init" section contains web function(s) when the "Simulate a new user on each iteration" Runtime Setting is ON.  This may produce unpredictable results with multiple iterations  	[MsgId: MWAR-27077]
Maximum number of concurrent connections per server: 6  	[MsgId: MMSG-26989]
Starting action Flights.
Flights.c(7): Notify: Transaction "3.OpenPage_ticket_FindFlight" started.
Flights.c(9): web_url("Search Flights Button") started  	[MsgId: MMSG-26355]
Flights.c(9): Detected non-resource "http://localhost:1080/cgi-bin/nav.pl?page=menu&in=flights" in "http://localhost:1080/cgi-bin/welcome.pl?page=search"  	[MsgId: MMSG-26574]
Flights.c(9): Detected non-resource "http://localhost:1080/cgi-bin/reservations.pl?page=welcome" in "http://localhost:1080/cgi-bin/welcome.pl?page=search"  	[MsgId: MMSG-26574]
Flights.c(9): Found resource "http://localhost:1080/WebTours/images/in_flights.gif" in HTML "http://localhost:1080/cgi-bin/nav.pl?page=menu&in=flights"  	[MsgId: MMSG-26659]
Flights.c(9): Resource "http://localhost:1080/WebTours/images/itinerary.gif" is in the cache already and will not be downloaded again  	[MsgId: MMSG-26655]
Flights.c(9): Found resource "http://localhost:1080/WebTours/images/home.gif" in HTML "http://localhost:1080/cgi-bin/nav.pl?page=menu&in=flights"  	[MsgId: MMSG-26659]
Flights.c(9): Resource "http://localhost:1080/WebTours/images/signoff.gif" is in the cache already and will not be downloaded again  	[MsgId: MMSG-26655]
Flights.c(9): Found resource "http://localhost:1080/WebTours/images/button_next.gif" in HTML "http://localhost:1080/cgi-bin/reservations.pl?page=welcome"  	[MsgId: MMSG-26659]
Flights.c(9): web_url("Search Flights Button") was successful, 8516 body bytes, 1619 header bytes, 43 chunking overhead bytes  	[MsgId: MMSG-26385]
globals.h(24): Notify: Transaction "3.OpenPage_ticket_FindFlight" ended with a "Pass" status (Duration: 0,1735 Wasted Time: 0,0064).
globals.h(27): web_custom_request("InfluxDB") started  	[MsgId: MMSG-26355]
globals.h(27): web_custom_request("InfluxDB") was successful, 0 body bytes, 251 header bytes  	[MsgId: MMSG-26386]
Flights.c(24): Notify: Transaction "4.Create_ticket_FindFlight" started.
Flights.c(26): web_reg_save_param_ex started  	[MsgId: MMSG-26355]
Flights.c(26): Registering web_reg_save_param_ex was successful  	[MsgId: MMSG-26390]
Flights.c(33): web_submit_data("reservations.pl") started  	[MsgId: MMSG-26355]
Flights.c(33): Resource "http://localhost:1080/WebTours/images/button_next.gif" is in the cache already and will not be downloaded again  	[MsgId: MMSG-26655]
Flights.c(33): web_submit_data("reservations.pl") was successful, 2442 body bytes, 255 header bytes, 12 chunking overhead bytes  	[MsgId: MMSG-26385]
globals.h(24): Notify: Transaction "4.Create_ticket_FindFlight" ended with a "Pass" status (Duration: 0,1086 Wasted Time: 0,0047).
globals.h(27): web_custom_request("InfluxDB") started  	[MsgId: MMSG-26355]
globals.h(27): web_custom_request("InfluxDB") was successful, 0 body bytes, 251 header bytes  	[MsgId: MMSG-26386]
Flights.c(63): Notify: Transaction "5.Create_ticket_ChooseCost" started.
Flights.c(65): web_submit_data("reservations.pl_2") started  	[MsgId: MMSG-26355]
Flights.c(65): Resource "http://localhost:1080/WebTours/images/button_next.gif" is in the cache already and will not be downloaded again  	[MsgId: MMSG-26655]
Flights.c(65): web_submit_data("reservations.pl_2") was successful, 2697 body bytes, 255 header bytes, 12 chunking overhead bytes  	[MsgId: MMSG-26385]
globals.h(24): Notify: Transaction "5.Create_ticket_ChooseCost" ended with a "Pass" status (Duration: 0,0946 Wasted Time: 0,0043).
globals.h(27): web_custom_request("InfluxDB") started  	[MsgId: MMSG-26355]
globals.h(27): web_custom_request("InfluxDB") was successful, 0 body bytes, 251 header bytes  	[MsgId: MMSG-26386]
Flights.c(89): Notify: Transaction "6.Create_ticket_PaymentDetail" started.
Flights.c(91): web_submit_data("reservations.pl_3") started  	[MsgId: MMSG-26355]
Flights.c(91): Found resource "http://localhost:1080/WebTours/images/bookanother.gif" in HTML "http://localhost:1080/cgi-bin/reservations.pl"  	[MsgId: MMSG-26659]
Flights.c(91): web_submit_data("reservations.pl_3") was successful, 3277 body bytes, 658 header bytes, 12 chunking overhead bytes  	[MsgId: MMSG-26385]
globals.h(24): Notify: Transaction "6.Create_ticket_PaymentDetail" ended with a "Pass" status (Duration: 0,0967 Wasted Time: 0,0044).
globals.h(27): web_custom_request("InfluxDB") started  	[MsgId: MMSG-26355]
globals.h(27): web_custom_request("InfluxDB") was successful, 0 body bytes, 251 header bytes  	[MsgId: MMSG-26386]
Ending action Flights.
Starting action Itinerary.
Itinerary.c(7): Notify: Transaction "7.Go_to_Itinerary" started.
Itinerary.c(9): web_url("Itinerary Button") started  	[MsgId: MMSG-26355]
Itinerary.c(9): Detected non-resource "http://localhost:1080/cgi-bin/nav.pl?page=menu&in=itinerary" in "http://localhost:1080/cgi-bin/welcome.pl?page=itinerary"  	[MsgId: MMSG-26574]
Itinerary.c(9): Detected non-resource "http://localhost:1080/cgi-bin/itinerary.pl" in "http://localhost:1080/cgi-bin/welcome.pl?page=itinerary"  	[MsgId: MMSG-26574]
Itinerary.c(9): Resource "http://localhost:1080/WebTours/images/flights.gif" is in the cache already and will not be downloaded again  	[MsgId: MMSG-26655]
Itinerary.c(9): Found resource "http://localhost:1080/WebTours/images/in_itinerary.gif" in HTML "http://localhost:1080/cgi-bin/nav.pl?page=menu&in=itinerary"  	[MsgId: MMSG-26659]
Itinerary.c(9): Resource "http://localhost:1080/WebTours/images/home.gif" is in the cache already and will not be downloaded again  	[MsgId: MMSG-26655]
Itinerary.c(9): Resource "http://localhost:1080/WebTours/images/signoff.gif" is in the cache already and will not be downloaded again  	[MsgId: MMSG-26655]
Itinerary.c(9): Found resource "http://localhost:1080/WebTours/images/cancelreservation.gif" in HTML "http://localhost:1080/cgi-bin/itinerary.pl"  	[MsgId: MMSG-26659]
Itinerary.c(9): Found resource "http://localhost:1080/WebTours/images/cancelallreservations.gif" in HTML "http://localhost:1080/cgi-bin/itinerary.pl"  	[MsgId: MMSG-26659]
Itinerary.c(9): web_url("Itinerary Button") was successful, 23585 body bytes, 1617 header bytes, 67 chunking overhead bytes  	[MsgId: MMSG-26385]
globals.h(24): Notify: Transaction "7.Go_to_Itinerary" ended with a "Pass" status (Duration: 0,2026 Wasted Time: 0,0070).
globals.h(27): web_custom_request("InfluxDB") started  	[MsgId: MMSG-26355]
globals.h(27): web_custom_request("InfluxDB") was successful, 0 body bytes, 251 header bytes  	[MsgId: MMSG-26386]
Ending action Itinerary.
Ending iteration 1.
Ending Vuser...
Starting action vuser_end.
vuser_end.c(7): Notify: Transaction "8.Log_out" started.
vuser_end.c(9): web_url("SignOff Button") started  	[MsgId: MMSG-26355]
vuser_end.c(9): Detected non-resource "http://localhost:1080/cgi-bin/nav.pl?in=home" in "http://localhost:1080/cgi-bin/welcome.pl?signOff=1"  	[MsgId: MMSG-26574]
vuser_end.c(9): Detected non-resource "http://localhost:1080/WebTours/home.html" in "http://localhost:1080/cgi-bin/welcome.pl?signOff=1"  	[MsgId: MMSG-26574]
vuser_end.c(9): Retrieving data from cache for "http://localhost:1080/WebTours/home.html"  	[MsgId: MMSG-26558]
vuser_end.c(9): Resource "http://localhost:1080/WebTours/images/mer_login.gif" is in the cache already and will not be downloaded again  	[MsgId: MMSG-26655]
vuser_end.c(9): web_url("SignOff Button") was successful, 2175 body bytes, 582 header bytes, 24 chunking overhead bytes  	[MsgId: MMSG-26385]
globals.h(24): Notify: Transaction "8.Log_out" ended with a "Pass" status (Duration: 0,0976 Wasted Time: 0,0059).
globals.h(27): web_custom_request("InfluxDB") started  	[MsgId: MMSG-26355]
globals.h(27): web_custom_request("InfluxDB") was successful, 0 body bytes, 251 header bytes  	[MsgId: MMSG-26386]
Ending action vuser_end.
Vuser Terminated.
